<?xml version="1.0" encoding="UTF-8"?>
<!-- Generated by org.testng.reporters.JUnitReportReporter -->
<testsuite hostname="DESKTOP-4CEI35H" failures="0" tests="3" name="testNG.TestNGPracticeTest" time="0.030" errors="0" timestamp="2023-07-18T18:49:53 IST" skipped="0">
  <testcase classname="testNG.TestNGPracticeTest" name="deleteeCustomer" time="0.027"/>
  <system-out/>
  <testcase classname="testNG.TestNGPracticeTest" name="createCustomer" time="0.002"/>
  <system-out/>
  <testcase classname="testNG.TestNGPracticeTest" name="modifyCustomer" time="0.001"/>
  <system-out/>
</testsuite> <!-- testNG.TestNGPracticeTest -->
