<?xml version="1.0" encoding="UTF-8"?>
<!-- Generated by org.testng.reporters.JUnitReportReporter -->
<testsuite hostname="DESKTOP-4CEI35H" failures="0" tests="1" name="testNG.TestNGPractice" time="0.016" errors="0" timestamp="2023-07-18T10:43:04 IST" skipped="0">
  <testcase classname="testNG.TestNGPractice" name="sampleTest" time="0.016"/>
  <system-out/>
</testsuite> <!-- testNG.TestNGPractice -->
