<?xml version="1.0" encoding="UTF-8"?>
<!-- Generated by org.testng.reporters.JUnitReportReporter -->
<testsuite hostname="DESKTOP-4CEI35H" failures="0" tests="3" name="testNG.TestNGDataproviderPractice" time="0.018" errors="0" timestamp="2023-07-18T20:25:23 IST" skipped="0">
  <testcase classname="testNG.TestNGDataproviderPractice" name="DataProviderDemo" time="0.007"/>
  <system-out/>
  <testcase classname="testNG.TestNGDataproviderPractice" name="DataProviderDemo" time="0.008"/>
  <system-out/>
  <testcase classname="testNG.TestNGDataproviderPractice" name="DataProviderDemo" time="0.003"/>
  <system-out/>
</testsuite> <!-- testNG.TestNGDataproviderPractice -->
